----------------------------------------------------------------
Sat Jul 04 10:30:01 CDT 2020:
Booting Derby version The Apache Software Foundation - Apache Derby - 10.14.2.0 - (1828579): instance a816c00e-0173-1a72-d903-00001a7c1930 
on database directory C:\Users\Rajesh\MyDB with class loader java.net.FactoryURLClassLoader@417e71f6 
Loaded from file:/C:/Users/Rajesh/.m2/repository/org/apache/derby/derby/10.14.2.0/derby-10.14.2.0.jar
java.vendor=Oracle Corporation
java.runtime.version=1.8.0_251-b08
user.dir=C:\Users\Rajesh\Desktop
os.name=Windows 10
os.arch=amd64
os.version=10.0
derby.system.home=null
Database Class Loader started - derby.database.classpath=''
----------------------------------------------------------------
Sat Jul 04 10:30:07 CDT 2020:
Shutting down instance a816c00e-0173-1a72-d903-00001a7c1930 on database directory C:\Users\Rajesh\MyDB with class loader java.net.FactoryURLClassLoader@417e71f6 
----------------------------------------------------------------
Sat Jul 04 10:30:30 CDT 2020:
Booting Derby version The Apache Software Foundation - Apache Derby - 10.14.2.0 - (1828579): instance 0ddd00a9-0173-1a72-d903-00001a7c1930 
on database directory C:\Users\Rajesh\MyDB with class loader java.net.FactoryURLClassLoader@417e71f6 
Loaded from file:/C:/Users/Rajesh/.m2/repository/org/apache/derby/derby/10.14.2.0/derby-10.14.2.0.jar
java.vendor=Oracle Corporation
java.runtime.version=1.8.0_251-b08
user.dir=C:\Users\Rajesh\Desktop
os.name=Windows 10
os.arch=amd64
os.version=10.0
derby.system.home=null
Database Class Loader started - derby.database.classpath=''
----------------------------------------------------------------
Sat Jul 04 10:45:12 CDT 2020:
Shutting down instance 0ddd00a9-0173-1a72-d903-00001a7c1930 on database directory C:\Users\Rajesh\MyDB with class loader java.net.FactoryURLClassLoader@417e71f6 
